0 info it worked if it ends with ok
1 verbose cli [ '/usr/bin/nodejs', '/usr/bin/npm', 'publish' ]
2 info using npm@1.3.10
3 info using node@v0.10.25
4 verbose publish [ '.' ]
5 verbose cache add [ '.', null ]
6 verbose cache add name=undefined spec="." args=[".",null]
7 verbose parsed url { protocol: null,
7 verbose parsed url   slashes: null,
7 verbose parsed url   auth: null,
7 verbose parsed url   host: null,
7 verbose parsed url   port: null,
7 verbose parsed url   hostname: null,
7 verbose parsed url   hash: null,
7 verbose parsed url   search: null,
7 verbose parsed url   query: null,
7 verbose parsed url   pathname: '.',
7 verbose parsed url   path: '.',
7 verbose parsed url   href: '.' }
8 silly lockFile 3a52ce78- .
9 verbose lock . /home/oscar/.npm/3a52ce78-.lock
10 verbose tar pack [ '/tmp/npm-971-YyQZcAz9/1416664230396-0.17110732477158308/tmp.tgz',
10 verbose tar pack   '.' ]
11 verbose tarball /tmp/npm-971-YyQZcAz9/1416664230396-0.17110732477158308/tmp.tgz
12 verbose folder .
13 silly lockFile 1f1177db-tar tar://.
14 verbose lock tar://. /home/oscar/.npm/1f1177db-tar.lock
15 silly lockFile 64cf373f-0396-0-17110732477158308-tmp-tgz tar:///tmp/npm-971-YyQZcAz9/1416664230396-0.17110732477158308/tmp.tgz
16 verbose lock tar:///tmp/npm-971-YyQZcAz9/1416664230396-0.17110732477158308/tmp.tgz /home/oscar/.npm/64cf373f-0396-0-17110732477158308-tmp-tgz.lock
17 silly lockFile 1f1177db-tar tar://.
18 silly lockFile 1f1177db-tar tar://.
19 silly lockFile 64cf373f-0396-0-17110732477158308-tmp-tgz tar:///tmp/npm-971-YyQZcAz9/1416664230396-0.17110732477158308/tmp.tgz
20 silly lockFile 64cf373f-0396-0-17110732477158308-tmp-tgz tar:///tmp/npm-971-YyQZcAz9/1416664230396-0.17110732477158308/tmp.tgz
21 verbose tar unpack /tmp/npm-971-YyQZcAz9/1416664230396-0.17110732477158308/tmp.tgz
22 silly lockFile e3569f43-0396-0-17110732477158308-package tar:///tmp/npm-971-YyQZcAz9/1416664230396-0.17110732477158308/package
23 verbose lock tar:///tmp/npm-971-YyQZcAz9/1416664230396-0.17110732477158308/package /home/oscar/.npm/e3569f43-0396-0-17110732477158308-package.lock
24 silly lockFile 64cf373f-0396-0-17110732477158308-tmp-tgz tar:///tmp/npm-971-YyQZcAz9/1416664230396-0.17110732477158308/tmp.tgz
25 verbose lock tar:///tmp/npm-971-YyQZcAz9/1416664230396-0.17110732477158308/tmp.tgz /home/oscar/.npm/64cf373f-0396-0-17110732477158308-tmp-tgz.lock
26 silly gunzTarPerm modes [ '755', '644' ]
27 silly gunzTarPerm extractEntry package.json
28 silly gunzTarPerm modified mode [ 'package.json', 511, 493 ]
29 silly gunzTarPerm extractEntry README.md
30 silly gunzTarPerm modified mode [ 'README.md', 511, 493 ]
31 silly gunzTarPerm extractEntry app.js
32 silly gunzTarPerm modified mode [ 'app.js', 511, 493 ]
33 silly lockFile e3569f43-0396-0-17110732477158308-package tar:///tmp/npm-971-YyQZcAz9/1416664230396-0.17110732477158308/package
34 silly lockFile e3569f43-0396-0-17110732477158308-package tar:///tmp/npm-971-YyQZcAz9/1416664230396-0.17110732477158308/package
35 silly lockFile 64cf373f-0396-0-17110732477158308-tmp-tgz tar:///tmp/npm-971-YyQZcAz9/1416664230396-0.17110732477158308/tmp.tgz
36 silly lockFile 64cf373f-0396-0-17110732477158308-tmp-tgz tar:///tmp/npm-971-YyQZcAz9/1416664230396-0.17110732477158308/tmp.tgz
37 verbose tar pack [ '/home/oscar/.npm/movebot/0.0.0/package.tgz',
37 verbose tar pack   '/tmp/npm-971-YyQZcAz9/1416664230396-0.17110732477158308/package' ]
38 verbose tarball /home/oscar/.npm/movebot/0.0.0/package.tgz
39 verbose folder /tmp/npm-971-YyQZcAz9/1416664230396-0.17110732477158308/package
40 silly lockFile e3569f43-0396-0-17110732477158308-package tar:///tmp/npm-971-YyQZcAz9/1416664230396-0.17110732477158308/package
41 verbose lock tar:///tmp/npm-971-YyQZcAz9/1416664230396-0.17110732477158308/package /home/oscar/.npm/e3569f43-0396-0-17110732477158308-package.lock
42 silly lockFile 8381c82a-ar-npm-movebot-0-0-0-package-tgz tar:///home/oscar/.npm/movebot/0.0.0/package.tgz
43 verbose lock tar:///home/oscar/.npm/movebot/0.0.0/package.tgz /home/oscar/.npm/8381c82a-ar-npm-movebot-0-0-0-package-tgz.lock
44 silly lockFile e3569f43-0396-0-17110732477158308-package tar:///tmp/npm-971-YyQZcAz9/1416664230396-0.17110732477158308/package
45 silly lockFile e3569f43-0396-0-17110732477158308-package tar:///tmp/npm-971-YyQZcAz9/1416664230396-0.17110732477158308/package
46 silly lockFile 8381c82a-ar-npm-movebot-0-0-0-package-tgz tar:///home/oscar/.npm/movebot/0.0.0/package.tgz
47 silly lockFile 8381c82a-ar-npm-movebot-0-0-0-package-tgz tar:///home/oscar/.npm/movebot/0.0.0/package.tgz
48 silly lockFile f3144377--oscar-npm-movebot-0-0-0-package /home/oscar/.npm/movebot/0.0.0/package
49 verbose lock /home/oscar/.npm/movebot/0.0.0/package /home/oscar/.npm/f3144377--oscar-npm-movebot-0-0-0-package.lock
50 silly lockFile f3144377--oscar-npm-movebot-0-0-0-package /home/oscar/.npm/movebot/0.0.0/package
51 silly lockFile f3144377--oscar-npm-movebot-0-0-0-package /home/oscar/.npm/movebot/0.0.0/package
52 verbose tar unpack /home/oscar/.npm/movebot/0.0.0/package.tgz
53 silly lockFile c314f3c7--oscar-npm-movebot-0-0-0-package tar:///home/oscar/.npm/movebot/0.0.0/package
54 verbose lock tar:///home/oscar/.npm/movebot/0.0.0/package /home/oscar/.npm/c314f3c7--oscar-npm-movebot-0-0-0-package.lock
55 silly lockFile 8381c82a-ar-npm-movebot-0-0-0-package-tgz tar:///home/oscar/.npm/movebot/0.0.0/package.tgz
56 verbose lock tar:///home/oscar/.npm/movebot/0.0.0/package.tgz /home/oscar/.npm/8381c82a-ar-npm-movebot-0-0-0-package-tgz.lock
57 silly gunzTarPerm modes [ '755', '644' ]
58 silly gunzTarPerm extractEntry package.json
59 silly gunzTarPerm extractEntry README.md
60 silly gunzTarPerm extractEntry app.js
61 silly lockFile c314f3c7--oscar-npm-movebot-0-0-0-package tar:///home/oscar/.npm/movebot/0.0.0/package
62 silly lockFile c314f3c7--oscar-npm-movebot-0-0-0-package tar:///home/oscar/.npm/movebot/0.0.0/package
63 silly lockFile 8381c82a-ar-npm-movebot-0-0-0-package-tgz tar:///home/oscar/.npm/movebot/0.0.0/package.tgz
64 silly lockFile 8381c82a-ar-npm-movebot-0-0-0-package-tgz tar:///home/oscar/.npm/movebot/0.0.0/package.tgz
65 verbose chmod /home/oscar/.npm/movebot/0.0.0/package.tgz 644
66 verbose chown /home/oscar/.npm/movebot/0.0.0/package.tgz [ 1000, 1000 ]
67 silly lockFile 3a52ce78- .
68 silly lockFile 3a52ce78- .
69 silly publish { name: 'movebot',
69 silly publish   version: '0.0.0',
69 silly publish   description: 'Organise your files with a simple JSON file!',
69 silly publish   main: 'app.js',
69 silly publish   scripts: { test: 'echo "Error: no test specified" && exit 1' },
69 silly publish   repository:
69 silly publish    { type: 'git',
69 silly publish      url: 'git://github.com/OscarOrSomething/Move-Bot.git' },
69 silly publish   keywords: [ 'Organise', 'Organize', 'JSON', 'Node', 'Files' ],
69 silly publish   author: { name: 'Oscar Shrimpton' },
69 silly publish   license: 'Apache License Version 2.0',
69 silly publish   bugs: { url: 'https://github.com/OscarOrSomething/Move-Bot/issues' },
69 silly publish   devDependencies:
69 silly publish    { 'grunt-contrib-watch': '~0.6.1',
69 silly publish      grunt: '~0.4.5',
69 silly publish      'grunt-contrib-coffee': '~0.12.0' },
69 silly publish   dependencies:
69 silly publish    { walk: '~2.3.4',
69 silly publish      regex: '~0.1.1',
69 silly publish      colors: '~1.0.3',
69 silly publish      mv: '~2.0.3',
69 silly publish      yesno: '0.0.1' },
69 silly publish   bin: { movebot: 'app.js' },
69 silly publish   preferGlobal: true,
69 silly publish   readme: 'Move-Bot\n========\n\nOrganise your files with a simple JSON file!\n\nThe guide below is an example of what it will soon be like to use, Implementation is not done yet!\n\n## Installation\nMake sure you have node installed and then run\n```Shell\nsudo npm install -g movebot\n```\n## Usage\n\nUsing MoveBot is very simple, Just write your Sorting Schema ( See configuration )\nand then run movebot with your file as one of the arguments.\n\n```\n    movebot your-sorting-schema.json\n```\nThis will organise your current directory using your-sorting-schema.json\n\n## Configuration\n\nMovebot only needs a json file to run, in this json file simply specify all the \'rules\' you want as keys (Using regular expressions) and then where you want them to go a values\n\n```JSON\n{\n\t".*\\.txt" : "Docs/Text/"\n\t"awesome.docx" : "Docs/Awesome/"\n\t"__ELSE__" : "Other/"\n}\n```\nIf the files used are\n```\nhi.txt\ntest.txt\nawesome.docx\nother.md\n```\nThis will result in the following directory structure\n```\nDocs/\n  Text/\n    hi.txt\n\ttest.txt\n  Awesome/\n    awesome.docx\nOther/\n  other.md\n```\nNote that the "__ELSE__" key IS required',
69 silly publish   readmeFilename: 'README.md',
69 silly publish   _id: 'movebot@0.0.0',
69 silly publish   dist: { shasum: 'cc8607ed2ab4943962274fe285c0d7aa14998616' },
69 silly publish   _from: '.' }
70 verbose url raw movebot
71 verbose url resolving [ 'https://registry.npmjs.org/', './movebot' ]
72 verbose url resolved https://registry.npmjs.org/movebot
73 info trying registry request attempt 1 at 13:50:30
74 http PUT https://registry.npmjs.org/movebot
75 http 201 https://registry.npmjs.org/movebot
76 verbose url raw movebot
77 verbose url resolving [ 'https://registry.npmjs.org/', './movebot' ]
78 verbose url resolved https://registry.npmjs.org/movebot
79 info trying registry request attempt 1 at 13:50:32
80 http GET https://registry.npmjs.org/movebot
81 http 200 https://registry.npmjs.org/movebot
82 verbose uploading [ 'movebot/-/movebot-0.0.0.tgz/-rev/6-a24613fc0419ac63cfe767f3ab4665e0',
82 verbose uploading   '/home/oscar/.npm/movebot/0.0.0/package.tgz' ]
83 verbose url raw movebot/-/movebot-0.0.0.tgz/-rev/6-a24613fc0419ac63cfe767f3ab4665e0
84 verbose url resolving [ 'https://registry.npmjs.org/',
84 verbose url resolving   './movebot/-/movebot-0.0.0.tgz/-rev/6-a24613fc0419ac63cfe767f3ab4665e0' ]
85 verbose url resolved https://registry.npmjs.org/movebot/-/movebot-0.0.0.tgz/-rev/6-a24613fc0419ac63cfe767f3ab4665e0
86 info trying registry request attempt 1 at 13:50:35
87 http PUT https://registry.npmjs.org/movebot/-/movebot-0.0.0.tgz/-rev/6-a24613fc0419ac63cfe767f3ab4665e0
88 http 201 https://registry.npmjs.org/movebot/-/movebot-0.0.0.tgz/-rev/6-a24613fc0419ac63cfe767f3ab4665e0
89 verbose publish attached [ 'movebot',
89 verbose publish   '/home/oscar/.npm/movebot/0.0.0/package.tgz',
89 verbose publish   'movebot-0.0.0.tgz' ]
90 verbose url raw movebot/0.0.0/-tag/latest
91 verbose url resolving [ 'https://registry.npmjs.org/', './movebot/0.0.0/-tag/latest' ]
92 verbose url resolved https://registry.npmjs.org/movebot/0.0.0/-tag/latest
93 info trying registry request attempt 1 at 13:50:37
94 http PUT https://registry.npmjs.org/movebot/0.0.0/-tag/latest
95 http 403 https://registry.npmjs.org/movebot/0.0.0/-tag/latest
96 info trying registry request attempt 1 at 13:50:39
97 http PUT https://registry.npmjs.org/movebot/0.0.0/-tag/latest
98 http 403 https://registry.npmjs.org/movebot/0.0.0/-tag/latest
99 error publish Error uploading package
100 error Error: forbidden Attempting to modify version 0.0.0,
100 error which was previously published on 2014-11-22T13:35:57.373Z.
100 error This is forbidden, to maintain package integrity.
100 error Please update the version number and try again.: movebot/0.0.0/-tag/latest
100 error     at RegClient.<anonymous> (/usr/share/npm/node_modules/npm-registry-client/lib/request.js:272:14)
100 error     at Request.self.callback (/usr/lib/nodejs/request/index.js:148:22)
100 error     at Request.EventEmitter.emit (events.js:98:17)
100 error     at Request.<anonymous> (/usr/lib/nodejs/request/index.js:896:14)
100 error     at Request.EventEmitter.emit (events.js:117:20)
100 error     at IncomingMessage.<anonymous> (/usr/lib/nodejs/request/index.js:847:12)
100 error     at IncomingMessage.EventEmitter.emit (events.js:117:20)
100 error     at _stream_readable.js:920:16
100 error     at process._tickCallback (node.js:415:13)
101 error If you need help, you may report this log at:
101 error     <http://github.com/isaacs/npm/issues>
101 error or email it to:
101 error     <npm-@googlegroups.com>
102 error System Linux 3.13.0-37-generic
103 error command "/usr/bin/nodejs" "/usr/bin/npm" "publish"
104 error cwd /home/oscar/Documents/Projects/MoveBot
105 error node -v v0.10.25
106 error npm -v 1.3.10
107 verbose exit [ 1, true ]
